<?xml version="1.0" encoding="UTF-8"?>
<testng-results ignored="0" total="1" passed="1" failed="0" skipped="0">
  <reporter-output>
  </reporter-output>
  <suite started-at="2025-02-14T14:08:39 EST" name="Surefire suite" finished-at="2025-02-14T14:09:07 EST" duration-ms="28617">
    <groups>
    </groups>
    <test started-at="2025-02-14T14:08:39 EST" name="Surefire test" finished-at="2025-02-14T14:09:07 EST" duration-ms="28617">
      <class name="HeatmapClickmap.HandC.HomePageTest">
        <test-method is-config="true" signature="launchWebsite()[pri:0, instance:HeatmapClickmap.HandC.HomePageTest@1f0f1111]" started-at="2025-02-14T14:08:39 EST" name="launchWebsite" finished-at="2025-02-14T14:08:45 EST" duration-ms="6359" status="PASS">
          <reporter-output>
          </reporter-output>
        </test-method> <!-- launchWebsite -->
        <test-method signature="testCase()[pri:0, instance:HeatmapClickmap.HandC.HomePageTest@1f0f1111]" started-at="2025-02-14T14:08:45 EST" name="testCase" finished-at="2025-02-14T14:09:07 EST" duration-ms="22227" status="PASS">
          <reporter-output>
          </reporter-output>
        </test-method> <!-- testCase -->
      </class> <!-- HeatmapClickmap.HandC.HomePageTest -->
    </test> <!-- Surefire test -->
  </suite> <!-- Surefire suite -->
</testng-results>
