<?xml version="1.0" encoding="UTF-8"?>
<testng-results ignored="0" total="1" passed="1" failed="0" skipped="0">
  <reporter-output>
  </reporter-output>
  <suite started-at="2024-07-22T14:45:36 EDT" name="Default suite" finished-at="2024-07-22T14:46:04 EDT" duration-ms="27691">
    <groups>
    </groups>
    <test started-at="2024-07-22T14:45:36 EDT" name="Default test" finished-at="2024-07-22T14:46:04 EDT" duration-ms="27691">
      <class name="HeatmapClickmap.HandC.HomePage1">
        <test-method is-config="true" signature="launchWebsite()[pri:0, instance:HeatmapClickmap.HandC.HomePage1@4afcd809]" started-at="2024-07-22T14:45:36 EDT" name="launchWebsite" finished-at="2024-07-22T14:45:42 EDT" duration-ms="5815" status="PASS">
          <reporter-output>
          </reporter-output>
        </test-method> <!-- launchWebsite -->
        <test-method signature="testCase()[pri:0, instance:HeatmapClickmap.HandC.HomePage1@4afcd809]" started-at="2024-07-22T14:45:42 EDT" name="testCase" finished-at="2024-07-22T14:46:04 EDT" duration-ms="21833" status="PASS">
          <reporter-output>
          </reporter-output>
        </test-method> <!-- testCase -->
      </class> <!-- HeatmapClickmap.HandC.HomePage1 -->
    </test> <!-- Default test -->
  </suite> <!-- Default suite -->
</testng-results>
